<?xml version="1.0" encoding="UTF-8"?>
<testng-results skipped="0" failed="0" ignored="0" total="1" passed="1">
  <reporter-output>
  </reporter-output>
  <suite name="Default suite" duration-ms="44345" started-at="2019-07-01T14:59:05Z" finished-at="2019-07-01T14:59:49Z">
    <groups>
    </groups>
    <test name="Default test" duration-ms="44345" started-at="2019-07-01T14:59:05Z" finished-at="2019-07-01T14:59:49Z">
      <class name="WM.WMTest">
        <test-method status="PASS" signature="setUp()[pri:0, instance:WM.WMTest@47c62251]" name="setUp" is-config="true" duration-ms="31967" started-at="2019-07-01T14:59:05Z" finished-at="2019-07-01T14:59:37Z">
          <reporter-output>
          </reporter-output>
        </test-method> <!-- setUp -->
        <test-method status="PASS" signature="freeCRMTest()[pri:0, instance:WM.WMTest@47c62251]" name="freeCRMTest" duration-ms="7674" started-at="2019-07-01T14:59:37Z" finished-at="2019-07-01T14:59:44Z">
          <reporter-output>
          </reporter-output>
        </test-method> <!-- freeCRMTest -->
        <test-method status="PASS" signature="tearDown()[pri:0, instance:WM.WMTest@47c62251]" name="tearDown" is-config="true" duration-ms="4602" started-at="2019-07-01T14:59:45Z" finished-at="2019-07-01T14:59:49Z">
          <reporter-output>
          </reporter-output>
        </test-method> <!-- tearDown -->
      </class> <!-- WM.WMTest -->
    </test> <!-- Default test -->
  </suite> <!-- Default suite -->
</testng-results>
